"Alpitour" - 3425/AT - 4 Giorni
Spesa totale del gruppo senza sconto: 1560.00
Spesa totale del gruppo con sconto: 1326.00

----------

"I grandi viaggi" - 5410/GV - 4 Giorni
Spesa totale del gruppo senza sconto: 2080.00
Spesa totale del gruppo con sconto: 1560.00

----------

"Eden viaggi" - 4231/EV - 5 Giorni
Spesa totale del gruppo senza sconto: 2250.00
Spesa totale del gruppo con sconto: 1687.50

----------

"Luxury Travel" - 2312/LT - 7 Giorni
Spesa totale del gruppo senza sconto: 3150.00

----------

"Luxury Travel" - 2315/LT - 10 Giorni
Spesa totale del gruppo senza sconto: 6000.00
Spesa totale del gruppo con sconto: 5100.00

----------

Spesa totale del albergo: 12823.50

